1769702024157	geckodriver	INFO	Listening on 127.0.0.1:65460
1769702027378	mozrunner::runner	INFO	Running command: "C:\\Users\\Rohith\\.cache\\selenium\\firefox\\win64\\147.0.2\\firefox.exe" "--marionette" "--remote-debuggi ... " "--remote-allow-hosts" "localhost" "-no-remote" "-profile" "C:\\Users\\Rohith\\AppData\\Local\\Temp\\rust_mozprofileO39E3B"
console.warn: services.settings: Ignoring preference override of remote settings server
console.warn: services.settings: Allow by setting MOZ_REMOTE_SETTINGS_DEVTOOLS=1 in the environment
Dynamically enable window occlusion 0
1769702028109	Marionette	INFO	Marionette enabled
1769702028313	Marionette	INFO	Listening on port 65473
WebDriver BiDi listening on ws://127.0.0.1:65461
Read port: 65473
1769702028567	RemoteAgent	WARN	TLS certificate errors will be ignored for this session
console.warn: LoginRecipes: "Falling back to a synchronous message for: https://opensource-demo.orangehrmlive.com."
console.warn: LoginRecipes: "Falling back to a synchronous message for: https://opensource-demo.orangehrmlive.com."
1769702058075	Marionette	INFO	Stopped listening on port 65473
Dynamically enable window occlusion 1
JavaScript warning: https://opensource-demo.orangehrmlive.com/web/dist/js/chunk-vendors.js?v=1763650546848, line 123: Script terminated by timeout at:
k@https://opensource-demo.orangehrmlive.com/web/dist/js/chunk-vendors.js?v=1763650546848:123:22850
_@https://opensource-demo.orangehrmlive.com/web/dist/js/chunk-vendors.js?v=1763650546848:123:22574
v@https://opensource-demo.orangehrmlive.com/web/dist/js/chunk-vendors.js?v=1763650546848:123:21972
l@https://opensource-demo.orangehrmlive.com/web/dist/js/chunk-vendors.js?v=1763650546848:123:26188
run@https://opensource-demo.orangehrmlive.com/web/dist/js/chunk-vendors.js?v=1763650546848:121:12788
4032/as/I/e.update@https://opensource-demo.orangehrmlive.com/web/dist/js/chunk-vendors.js?v=1763650546848:123:26464
I@https://opensource-demo.orangehrmlive.com/web/dist/js/chunk-vendors.js?v=1763650546848:123:26491
N@https://opensource-demo.orangehrmlive.com/web/dist/js/chunk-vendors.js?v=1763650546848:123:25209
D@https://opensource-demo.orangehrmlive.com/web/dist/js/chunk-vendors.js?v=1763650546848:123:25007
v@https://opensource-demo.orangehrmlive.com/web/dist/js/chunk-vendors.js?v=1763650546848:123:21997
L@https://opensource-demo.orangehrmlive.com/web/dist/js/chunk-vendors.js?v=1763650546848:123:23408
P@https://opensource-demo.orangehrmlive.com/web/dist/js/chunk-vendors.js?v=1763650546848:123:24750
v@https://opensource-demo.orangehrmlive.com/web/dist/js/chunk-vendors.js?v=1763650546848:123:21934
L@https://opensource-demo.orangehrmlive.com/web/dist/js/chunk-vendors.js?v=1763650546848:123:23408
k@https://opensource-demo.orangehrmlive.com/web/dist/js/chunk-vendors.js?v=1763650546848:123:22748
_@https://opensource-demo.orangehrmlive.com/web/dist/js/chunk-vendors.js?v=1763650546848:123:22574
v@https://opensource-demo.orangehrmlive.com/web/dist/js/chunk-vendors.js?v=1763650546848:123:21972
L@https://opensource-demo.orangehrmlive.com/web/dist/js/chunk-vendors.js?v=1763650546848:123:23408
k@https://opensource-demo.orangehrmlive.com/web/dist/js/chunk-vendors.js?v=1763650546848:123:22748
_@https://opensource-demo.orangehrmlive.com/web/dist/js/chunk-vendors.js?v=1763650546848:123:22574
v@https://opensource-demo.orangehrmlive.com/web/dist/js/chunk-vendors.js?v=1763650546848:123:21972
l@https://opensource-demo.orangehrmlive.com/web/dist/js/chunk-vendors.js?v=1763650546848:123:26188
run@https://opensource-demo.orangehrmlive.com/web/dist/js/chunk-vendors.js?v=1763650546848:121:12788
4032/as/I/e.update@https://opensource-demo.orangehrmlive.com/web/dist/js/chunk-vendors.js?v=1763650546848:123:26464
I@https://opensource-demo.orangehrmlive.com/web/dist/js/chunk-vendors.js?v=1763650546848:123:26491
N@https://opensource-demo.orangehrmlive.com/web/dist/js/chunk-vendors.js?v=1763650546848:123:25209
D@https://opensource-demo.orangehrmlive.com/web/dist/js/chunk-vendors.js?v=1763650546848:123:25007
v@https://opensource-demo.orangehrmlive.com/web/dist/js/chunk-vendors.js?v=1763650546848:123:21997
l@https://opensource-demo.orangehrmlive.com/web/dist/js/chunk-vendors.js?v=1763650546848:123:26188
run@https://opensource-demo.orangehrmlive.com/web/dist/js/chunk-vendors.js?v=1763650546848:121:12788
4032/as/I/e.update@https://opensource-demo.orangehrmlive.com/web/dist/js/chunk-vendors.js?v=1763650546848:123:26464
I@https://opensource-demo.orangehrmlive.com/web/dist/js/chunk-vendors.js?v=1763650546848:123:26491
N@https://opensource-demo.orangehrmlive.com/web/dist/js/chunk-vendors.js?v=1763650546848:123:25209
D@https://opensource-demo.orangehrmlive.com/web/dist/js/chunk-vendors.js?v=1763650546848:123:25007
v@https://opensource-demo.orangehrmlive.com/web/dist/js/chunk-vendors.js?v=1763650546848:123:21997
L@https://opensource-demo.orangehrmlive.com/web/dist/js/chunk-vendors.js?v=1763650546848:123:23408
k@https://opensource-demo.orangehrmlive.com/web/dist/js/chunk-vendors.js?v=1763650546848:123:22748
_@https://opensource-demo.orangehrmlive.com/web/dist/js/chunk-vendors.js?v=1763650546848:123:22574
v@https://opensource-demo.orangehrmlive.com/web/dist/js/chunk-vendors.js?v=1763650546848:123:21972
L@https://opensource-demo.orangehrmlive.com/web/dist/js/chunk-vendors.js?v=1763650546848:123:23408
k@https://opensource-demo.orangehrmlive.com/web/dist/js/chunk-vendors.js?v=1763650546848:123:22748
_@https://opensource-demo.orangehrmlive.com/web/dist/js/chunk-vendors.js?v=1763650546848:123:22574
v@https://opensource-demo.orangehrmlive.com/web/dist/js/chunk-vendors.js?v=1763650546848:123:21972
l@https://opensource-demo.orangehrmlive.com/web/dist/js/chunk-vendors.js?v=1763650546848:123:26188
run@https://opensource-demo.orangehrmlive.com/web/dist/js/chunk-vendors.js?v=1763650546848:121:12788
4032/as/I/e.update@https://opensource-demo.orangehrmlive.com/web/dist/js/chunk-vendors.js?v=1763650546848:123:26464
I@https://opensource-demo.orangehrmlive.com/web/dist/js/chunk-vendors.js?v=1763650546848:123:26491
N@https://opensource-demo.orangehrmlive.com/web/dist/js/chunk-vendors.js?v=1763650546848:123:25209
D@https://opensource-demo.orangehrmlive.com/web/dist/js/chunk-vendors.js?v=1763650546848:123:25007
v@https://opensource-demo.orangehrmlive.com/web/dist/js/chunk-vendors.js?v=1763650546848:123:21997
L@https://opensource-demo.orangehrmlive.com/web/dist/js/chunk-vendors.js?v=1763650546848:123:23408
P@https://opensource-demo.orangehrmlive.com/web/dist/js/chunk-vendors.js?v=1763650546848:123:24750
v@https://opensource-demo.orangehrmlive.com/web/dist/js/chunk-vendors.js?v=1763650546848:123:21934
L@https://opensource-demo.orangehrmlive.com/web/dist/js/chunk-vendors.js?v=1763650546848:123:23408
k@https://opensource-demo.orangehrmlive.com/web/dist/js/chunk-vendors.js?v=1763650546848:123:22748
_@https://opensource-demo.orangehrmlive.com/web/dist/js/chunk-vendors.js?v=1763650546848:123:22574
v@https://opensource-demo.orangehrmlive.com/web/dist/js/chunk-vendors.js?v=1763650546848:123:21972
L@https://opensource-demo.orangehrmlive.com/web/dist/js/chunk-vendors.js?v=1763650546848:123:23408
P@https://opensource-demo.orangehrmlive.com/web/dist/js/chunk-vendors.js?v=1763650546848:123:24750
v@https://opensource-demo.orangehrmlive.com/web/dist/js/chunk-vendors.js?v=1763650546848:123:21934
l@https://opensource-demo.orangehrmlive.com/web/dist/js/chunk-vendors.js?v=1763650546848:123:26188
run@https://opensource-demo.orangehrmlive.com/web/dist/js/chunk-vendors.js?v=1763650546848:121:12788
4032/as/I/e.update@https://opensource-demo.orangehrmlive.com/web/dist/js/chunk-vendors.js?v=1763650546848:123:26464
I@https://opensource-demo.orangehrmlive.com/web/dist/js/chunk-vendors.js?v=1763650546848:123:26491
N@https://opensource-demo.orangehrmlive.com/web/dist/js/chunk-vendors.js?v=1763650546848:123:25209
D@https://opensource-demo.orangehrmlive.com/web/dist/js/chunk-vendors.js?v=1763650546848:123:25007
v@https://opensource-demo.orangehrmlive.com/web/dist/js/chunk-vendors.js?v=1763650546848:123:21997
L@https://opensource-demo.orangehrmlive.com/web/dist/js/chunk-vendors.js?v=1763650546848:123:23408
k@https://opensource-demo.orangehrmlive.com/web/dist/js/chunk-vendors.js?v=1763650546848:123:22748
_@https://opensource-demo.orangehrmlive.com/web/dist/js/chunk-vendors.js?v=1763650546848:123:22574
v@https://opensource-demo.orangehrmlive.com/web/dist/js/chunk-vendors.js?v=1763650546848:123:21972
L@https://opensource-demo.orangehrmlive.com/web/dist/js/chunk-vendors.js?v=1763650546848:123:23408
k@https://opensource-demo.orangehrmlive.com/web/dist/js/chunk-vendors.js?v=1763650546848:123:22748
_@https://opensource-demo.orangehrmlive.com/web/dist/js/chunk-vendors.js?v=1763650546848:123:22574
v@https://opensource-demo.orangehrmlive.com/web/dist/js/chunk-vendors.js?v=1763650546848:123:21972
L@https://opensource-demo.orangehrmlive.com/web/dist/js/chunk-vendors.js?v=1763650546848:123:23408
k@https://opensource-demo.orangehrmlive.com/web/dist/js/chunk-vendors.js?v=1763650546848:123:22748
_@https://opensource-demo.orangehrmlive.com/web/dist/js/chunk-vendors.js?v=1763650546848:123:22574
v@https://opensource-demo.orangehrmlive.com/web/dist/js/chunk-vendors.js?v=1763650546848:123:21972
l@https://opensource-demo.orangehrmlive.com/web/dist/js/chunk-vendors.js?v=1763650546848:123:26188
run@https://opensource-demo.orangehrmlive.com/web/dist/js/chunk-vendors.js?v=1763650546848:121:12788
4032/as/I/e.update@https://opensource-demo.orangehrmlive.com/web/dist/js/chunk-vendors.js?v=1763650546848:123:26464
I@https://opensource-demo.orangehrmlive.com/web/dist/js/chunk-vendors.js?v=1763650546848:123:26491
N@https://opensource-demo.orangehrmlive.com/web/dist/js/chunk-vendors.js?v=1763650546848:123:25209
D@https://opensource-demo.orangehrmlive.com/web/dist/js/chunk-vendors.js?v=1763650546848:123:25007
v@https://opensource-demo.orangehrmlive.com/web/dist/js/chunk-vendors.js?v=1763650546848:123:21997
L@https://opensource-demo.orangehrmlive.com/web/dist/js/chunk-vendors.js?v=1763650546848:123:23408
k@https://opensource-demo.orangehrmlive.com/web/dist/js/chunk-vendors.js?v=1763650546848:123:22748
_@https://opensource-demo.orangehrmlive.com/web/dist/js/chunk-vendors.js?v=1763650546848:123:22574
v@https://opensource-demo.orangehrmlive.com/web/dist/js/chunk-vendors.js?v=1763650546848:123:21972
L@https://opensource-demo.orangehrmlive.com/web/dist/js/chunk-vendors.js?v=1763650546848:123:23408
k@https://opensource-demo.orangehrmlive.com/web/dist/js/chunk-vendors.js?v=1763650546848:123:22748
_@https://opensource-demo.orangehrmlive.com/web/dist/js/chunk-vendors.js?v=1763650546848:123:22574
v@https://opensource-demo.orangehrmlive.com/web/dist/js/chunk-vendors.js?v=1763650546848:123:21972
l@https://opensource-demo.orangehrmlive.com/web/dist/js/chunk-vendors.js?v=1763650546848:123:26188
run@https://opensource-demo.orangehrmlive.com/web/dist/js/chunk-vendors.js?v=1763650546848:121:12788
4032/as/I/e.update@https://opensource-demo.orangehrmlive.com/web/dist/js/chunk-vendors.js?v=1763650546848:123:26464
I@https://opensource-demo.orangehrmlive.com/web/dist/js/chunk-vendors.js?v=1763650546848:123:26491
N@https://opensource-demo.orangehrmlive.com/web/dist/js/chunk-vendors.js?v=1763650546848:123:25209
D@https://opensource-demo.orangehrmlive.com/web/dist/js/chunk-vendors.js?v=1763650546848:123:25007
v@https://opensource-demo.orangehrmlive.com/web/dist/js/chunk-vendors.js?v=1763650546848:123:21997
L@https://opensource-demo.orangehrmlive.com/web/dist/js/chunk-vendors.js?v=1763650546848:123:23408
P@https://opensource-demo.orangehrmlive.com/web/dist/js/chunk-vendors.js?v=1763650546848:123:24750
v@https://opensource-demo.orangehrmlive.com/web/dist/js/chunk-vendors.js?v=1763650546848:123:21934
l@https://opensource-demo.orangehrmlive.com/web/dist/js/chunk-vendors.js?v=1763650546848:123:26188
run@https://opensource-demo.orangehrmlive.com/web/dist/js/chunk-vendors.js?v=1763650546848:121:12788
4032/as/I/e.update@https://opensource-demo.orangehrmlive.com/web/dist/js/chunk-vendors.js?v=1763650546848:123:26464
I@https://opensource-demo.orangehrmlive.com/web/dist/js/chunk-vendors.js?v=1763650546848:123:26491
N@https://opensource-demo.orangehrmlive.com/web/dist/js/chunk-vendors.js?v=1763650546848:123:25209
D@https://opensource-demo.orangehrmlive.com/web/dist/js/chunk-vendors.js?v=1763650546848:123:25007
v@https://opensource-demo.orangehrmlive.com/web/dist/js/chunk-vendors.js?v=1763650546848:123:21997
L@https://opensource-demo.orangehrmlive.com/web/dist/js/chunk-vendors.js?v=1763650546848:123:23408
P@https://opensource-demo.orangehrmlive.com/web/dist/js/chunk-vendors.js?v=1763650546848:123:24750
v@https://opensource-demo.orangehrmlive.com/web/dist/js/chunk-vendors.js?v=1763650546848:123:21934
l@https://opensource-demo.orangehrmlive.com/web/dist/js/chunk-vendors.js?v=1763650546848:123:26188
run@https://opensource-demo.orangehrmlive.com/web/dist/js/chunk-vendors.js?v=1763650546848:121:12788
4032/as/I/e.update@https://opensource-demo.orangehrmlive.com/web/dist/js/chunk-vendors.js?v=1763650546848:123:26464
I@https://opensource-demo.orangehrmlive.com/web/dist/js/chunk-vendors.js?v=1763650546848:123:26491
N@https://opensource-demo.orangehrmlive.com/web/dist/js/chunk-vendors.js?v=1763650546848:123:25209
D@https://opensource-demo.orangehrmlive.com/web/dist/js/chunk-vendors.js?v=1763650546848:123:25007
v@https://opensource-demo.orangehrmlive.com/web/dist/js/chunk-vendors.js?v=1763650546848:123:21997
K@https://opensource-demo.orangehrmlive.com/web/dist/js/chunk-vendors.js?v=1763650546848:123:30106
mount@https://opensource-demo.orangehrmlive.com/web/dist/js/chunk-vendors.js?v=1763650546848:123:12169
4032/Fc/t.mount@https://opensource-demo.orangehrmlive.com/web/dist/js/chunk-vendors.js?v=1763650546848:125:8923
7984/<@https://opensource-demo.orangehrmlive.com/web/dist/js/app.js?v=1763650546848:1:1510679

console.warn: TopSitesFeed: Failed to fetch data from MARS server: NetworkError when attempting to fetch resource.
console.error: (new Error("Polling for changes failed: .", "resource://services-settings/remote-settings.sys.mjs", 482))
1769702059411	addons.xpi	ERROR	System addon update list error [Exception... "<no message>"  nsresult: "0x8046001e (<unknown>)"  location: "JS frame :: resource://gre/modules/ServiceRequest.sys.mjs :: open :: line 126"  data: no]
console.error: Region.sys.mjs: "Error fetching region" (new TypeError("NetworkError when attempting to fetch resource.", "resource://gre/modules/Region.sys.mjs", 730))
console.error: Region.sys.mjs: "Failed to fetch region" (new Error("NO_RESULT", "resource://gre/modules/Region.sys.mjs", 396))
